<?xml version="1.0" encoding="UTF-8"?>
<!-- Generated by org.testng.reporters.JUnitReportReporter -->
<testsuite skipped="0" hostname="I4DEVL011" name="Runners.SmokeTestRunner" tests="3" failures="0" timestamp="2025-08-22T13:58:17 EEST" time="34.506" errors="0">
  <testcase name="runScenario" time="9.181" classname="Runners.SmokeTestRunner"/>
  <system-out/>
  <testcase name="runScenario" time="15.721" classname="Runners.SmokeTestRunner"/>
  <system-out/>
  <testcase name="runScenario" time="9.604" classname="Runners.SmokeTestRunner"/>
  <system-out/>
</testsuite> <!-- Runners.SmokeTestRunner -->
